  CLogger.cpp
D:\Yitek\FactPattern\Fact\loggers\CLogger.h(1,1): warning C4819: 该文件包含不能在当前代码页(936)中表示的字符。请将该文件保存为 Unicode 格式以防止数据丢失
D:\Yitek\FactPattern\Fact\loggers\TLogger.h(1,1): warning C4819: 该文件包含不能在当前代码页(936)中表示的字符。请将该文件保存为 Unicode 格式以防止数据丢失
D:\Yitek\FactPattern\Fact\def.h(1,1): warning C4819: 该文件包含不能在当前代码页(936)中表示的字符。请将该文件保存为 Unicode 格式以防止数据丢失
  main.cpp
D:\Yitek\FactPattern\Fact\main.cpp(1,1): warning C4819: 该文件包含不能在当前代码页(936)中表示的字符。请将该文件保存为 Unicode 格式以防止数据丢失
D:\Yitek\FactPattern\Fact\loggers\CLogger.h(1,1): warning C4819: 该文件包含不能在当前代码页(936)中表示的字符。请将该文件保存为 Unicode 格式以防止数据丢失
D:\Yitek\FactPattern\Fact\loggers\TLogger.h(1,1): warning C4819: 该文件包含不能在当前代码页(936)中表示的字符。请将该文件保存为 Unicode 格式以防止数据丢失
D:\Yitek\FactPattern\Fact\def.h(1,1): warning C4819: 该文件包含不能在当前代码页(936)中表示的字符。请将该文件保存为 Unicode 格式以防止数据丢失
D:\Yitek\FactPattern\Fact\tests\loggers\TestLogger.h(1,1): warning C4819: 该文件包含不能在当前代码页(936)中表示的字符。请将该文件保存为 Unicode 格式以防止数据丢失
D:\Yitek\FactPattern\Fact\Loggers\loggers_module.h(1,1): warning C4819: 该文件包含不能在当前代码页(936)中表示的字符。请将该文件保存为 Unicode 格式以防止数据丢失
D:\Yitek\FactPattern\Fact\tests\memories\TestMemory.h(1,1): warning C4819: 该文件包含不能在当前代码页(936)中表示的字符。请将该文件保存为 Unicode 格式以防止数据丢失
D:\Yitek\FactPattern\Fact\memories\memories_module.h(1,1): warning C4819: 该文件包含不能在当前代码页(936)中表示的字符。请将该文件保存为 Unicode 格式以防止数据丢失
D:\Yitek\FactPattern\Fact\memories\TMemory.h(1,1): warning C4819: 该文件包含不能在当前代码页(936)中表示的字符。请将该文件保存为 Unicode 格式以防止数据丢失
D:\Yitek\FactPattern\Fact\main.cpp(32,14): warning C4477: “printf_s”: 格式字符串“%d”需要类型“int”的参数，但可变参数 1 拥有了类型“size_t”
D:\Yitek\FactPattern\Fact\main.cpp(32,14): message : 请考虑在格式字符串中使用“%zd”
D:\Yitek\FactPattern\Fact\main.cpp(33,14): warning C4477: “printf_s”: 格式字符串“%d”需要类型“int”的参数，但可变参数 1 拥有了类型“size_t”
D:\Yitek\FactPattern\Fact\main.cpp(33,14): message : 请考虑在格式字符串中使用“%zd”
D:\Yitek\FactPattern\Fact\main.cpp(34,14): warning C4477: “printf_s”: 格式字符串“%d”需要类型“int”的参数，但可变参数 1 拥有了类型“size_t”
D:\Yitek\FactPattern\Fact\main.cpp(34,14): message : 请考虑在格式字符串中使用“%zd”
D:\Yitek\FactPattern\Fact\main.cpp(35,14): warning C4477: “printf_s”: 格式字符串“%d”需要类型“int”的参数，但可变参数 1 拥有了类型“size_t”
D:\Yitek\FactPattern\Fact\main.cpp(35,14): message : 请考虑在格式字符串中使用“%zd”
D:\Yitek\FactPattern\Fact\main.cpp(36,14): warning C4477: “printf_s”: 格式字符串“%d”需要类型“int”的参数，但可变参数 1 拥有了类型“size_t”
D:\Yitek\FactPattern\Fact\main.cpp(36,14): message : 请考虑在格式字符串中使用“%zd”
D:\Yitek\FactPattern\Fact\main.cpp(37,14): warning C4477: “printf_s”: 格式字符串“%d”需要类型“int”的参数，但可变参数 1 拥有了类型“size_t”
D:\Yitek\FactPattern\Fact\main.cpp(37,14): message : 请考虑在格式字符串中使用“%zd”
  正在生成代码...
  loggers_module.c
D:\Yitek\FactPattern\Fact\loggers\loggers_module.h(1,1): warning C4819: 该文件包含不能在当前代码页(936)中表示的字符。请将该文件保存为 Unicode 格式以防止数据丢失
D:\Yitek\FactPattern\Fact\loggers\TLogger.h(1,1): warning C4819: 该文件包含不能在当前代码页(936)中表示的字符。请将该文件保存为 Unicode 格式以防止数据丢失
D:\Yitek\FactPattern\Fact\def.h(1,1): warning C4819: 该文件包含不能在当前代码页(936)中表示的字符。请将该文件保存为 Unicode 格式以防止数据丢失
  TLogger.c
D:\Yitek\FactPattern\Fact\loggers\TLogger.c(1,1): warning C4819: 该文件包含不能在当前代码页(936)中表示的字符。请将该文件保存为 Unicode 格式以防止数据丢失
D:\Yitek\FactPattern\Fact\loggers\TLogger.h(1,1): warning C4819: 该文件包含不能在当前代码页(936)中表示的字符。请将该文件保存为 Unicode 格式以防止数据丢失
D:\Yitek\FactPattern\Fact\def.h(1,1): warning C4819: 该文件包含不能在当前代码页(936)中表示的字符。请将该文件保存为 Unicode 格式以防止数据丢失
  TAlignedMemory.c
D:\Yitek\FactPattern\Fact\memories\TAlignedMemory.c(1,1): warning C4819: 该文件包含不能在当前代码页(936)中表示的字符。请将该文件保存为 Unicode 格式以防止数据丢失
D:\Yitek\FactPattern\Fact\memories\TMemory.h(1,1): warning C4819: 该文件包含不能在当前代码页(936)中表示的字符。请将该文件保存为 Unicode 格式以防止数据丢失
D:\Yitek\FactPattern\Fact\loggers\TLogger.h(1,1): warning C4819: 该文件包含不能在当前代码页(936)中表示的字符。请将该文件保存为 Unicode 格式以防止数据丢失
D:\Yitek\FactPattern\Fact\def.h(1,1): warning C4819: 该文件包含不能在当前代码页(936)中表示的字符。请将该文件保存为 Unicode 格式以防止数据丢失
D:\Yitek\FactPattern\Fact\memories\TAlignedMemory.c(35,28): warning C4267: “=”: 从“size_t”转换到“usize_t”，可能丢失数据
D:\Yitek\FactPattern\Fact\memories\TAlignedMemory.c(36,80): warning C4267: “=”: 从“size_t”转换到“usize_t”，可能丢失数据
D:\Yitek\FactPattern\Fact\memories\TAlignedMemory.c(86,28): warning C4267: “=”: 从“size_t”转换到“usize_t”，可能丢失数据
D:\Yitek\FactPattern\Fact\memories\TAlignedMemory.c(87,24): warning C4267: “=”: 从“size_t”转换到“usize_t”，可能丢失数据
D:\Yitek\FactPattern\Fact\memories\TAlignedMemory.c(88,36): warning C4267: “=”: 从“size_t”转换到“usize_t”，可能丢失数据
D:\Yitek\FactPattern\Fact\memories\TAlignedMemory.c(130,51): warning C4267: “函数”: 从“size_t”转换到“usize_t”，可能丢失数据
D:\Yitek\FactPattern\Fact\memories\TAlignedMemory.c(145,52): warning C4267: “函数”: 从“size_t”转换到“usize_t”，可能丢失数据
D:\Yitek\FactPattern\Fact\memories\TAlignedMemory.c(187,30): warning C4311: “类型强制转换”: 从“void *”到“usize_t”的指针截断
D:\Yitek\FactPattern\Fact\memories\TAlignedMemory.c(187,74): warning C4311: “类型强制转换”: 从“TAlignedMemoryPage *”到“usize_t”的指针截断
D:\Yitek\FactPattern\Fact\memories\TAlignedMemory.c(206,30): warning C4311: “类型强制转换”: 从“void *”到“usize_t”的指针截断
D:\Yitek\FactPattern\Fact\memories\TAlignedMemory.c(206,74): warning C4311: “类型强制转换”: 从“TAlignedMemoryPage *”到“usize_t”的指针截断
D:\Yitek\FactPattern\Fact\memories\TAlignedMemory.c(384,70): warning C4028: 形参 3 与声明不同
D:\Yitek\FactPattern\Fact\memories\TAlignedMemory.c(385,71): warning C4028: 形参 2 与声明不同
  memories_module.c
D:\Yitek\FactPattern\Fact\memories\memories_module.h(1,1): warning C4819: 该文件包含不能在当前代码页(936)中表示的字符。请将该文件保存为 Unicode 格式以防止数据丢失
D:\Yitek\FactPattern\Fact\memories\TMemory.h(1,1): warning C4819: 该文件包含不能在当前代码页(936)中表示的字符。请将该文件保存为 Unicode 格式以防止数据丢失
D:\Yitek\FactPattern\Fact\loggers\TLogger.h(1,1): warning C4819: 该文件包含不能在当前代码页(936)中表示的字符。请将该文件保存为 Unicode 格式以防止数据丢失
D:\Yitek\FactPattern\Fact\def.h(1,1): warning C4819: 该文件包含不能在当前代码页(936)中表示的字符。请将该文件保存为 Unicode 格式以防止数据丢失
D:\Yitek\FactPattern\Fact\loggers\loggers_module.h(1,1): warning C4819: 该文件包含不能在当前代码页(936)中表示的字符。请将该文件保存为 Unicode 格式以防止数据丢失
  TMemory.c
D:\Yitek\FactPattern\Fact\memories\TMemory.h(1,1): warning C4819: 该文件包含不能在当前代码页(936)中表示的字符。请将该文件保存为 Unicode 格式以防止数据丢失
D:\Yitek\FactPattern\Fact\loggers\TLogger.h(1,1): warning C4819: 该文件包含不能在当前代码页(936)中表示的字符。请将该文件保存为 Unicode 格式以防止数据丢失
D:\Yitek\FactPattern\Fact\def.h(1,1): warning C4819: 该文件包含不能在当前代码页(936)中表示的字符。请将该文件保存为 Unicode 格式以防止数据丢失
  TestLogger.c
D:\Yitek\FactPattern\Fact\tests\loggers\TestLogger.h(1,1): warning C4819: 该文件包含不能在当前代码页(936)中表示的字符。请将该文件保存为 Unicode 格式以防止数据丢失
D:\Yitek\FactPattern\Fact\Loggers\loggers_module.h(1,1): warning C4819: 该文件包含不能在当前代码页(936)中表示的字符。请将该文件保存为 Unicode 格式以防止数据丢失
D:\Yitek\FactPattern\Fact\Loggers\TLogger.h(1,1): warning C4819: 该文件包含不能在当前代码页(936)中表示的字符。请将该文件保存为 Unicode 格式以防止数据丢失
D:\Yitek\FactPattern\Fact\def.h(1,1): warning C4819: 该文件包含不能在当前代码页(936)中表示的字符。请将该文件保存为 Unicode 格式以防止数据丢失
  TestMemory.c
D:\Yitek\FactPattern\Fact\tests\memories\TestMemory.h(1,1): warning C4819: 该文件包含不能在当前代码页(936)中表示的字符。请将该文件保存为 Unicode 格式以防止数据丢失
D:\Yitek\FactPattern\Fact\memories\memories_module.h(1,1): warning C4819: 该文件包含不能在当前代码页(936)中表示的字符。请将该文件保存为 Unicode 格式以防止数据丢失
D:\Yitek\FactPattern\Fact\memories\TMemory.h(1,1): warning C4819: 该文件包含不能在当前代码页(936)中表示的字符。请将该文件保存为 Unicode 格式以防止数据丢失
D:\Yitek\FactPattern\Fact\loggers\TLogger.h(1,1): warning C4819: 该文件包含不能在当前代码页(936)中表示的字符。请将该文件保存为 Unicode 格式以防止数据丢失
D:\Yitek\FactPattern\Fact\def.h(1,1): warning C4819: 该文件包含不能在当前代码页(936)中表示的字符。请将该文件保存为 Unicode 格式以防止数据丢失
D:\Yitek\FactPattern\Fact\tests\memories\TestMemory.c(8,48): warning C4311: “类型强制转换”: 从“TMemory *”到“bool_t”的指针截断
D:\Yitek\FactPattern\Fact\tests\memories\TestMemory.c(12,44): warning C4311: “类型强制转换”: 从“int *”到“bool_t”的指针截断
D:\Yitek\FactPattern\Fact\tests\memories\TestMemory.c(15,20): warning C4305: “=”: 从“__int64”到“long_t”截断
D:\Yitek\FactPattern\Fact\tests\memories\TestMemory.c(16,45): warning C4311: “类型强制转换”: 从“long_t *”到“bool_t”的指针截断
D:\Yitek\FactPattern\Fact\tests\memories\TestMemory.c(19,45): warning C4311: “类型强制转换”: 从“void *”到“bool_t”的指针截断
D:\Yitek\FactPattern\Fact\tests\memories\TestMemory.c(22,45): warning C4311: “类型强制转换”: 从“void *”到“bool_t”的指针截断
D:\Yitek\FactPattern\Fact\tests\memories\TestMemory.c(26,44): warning C4311: “类型强制转换”: 从“int *”到“bool_t”的指针截断
D:\Yitek\FactPattern\Fact\tests\memories\TestMemory.c(29,44): warning C4311: “类型强制转换”: 从“long_t *”到“bool_t”的指针截断
D:\Yitek\FactPattern\Fact\tests\memories\TestMemory.c(32,45): warning C4311: “类型强制转换”: 从“void *”到“bool_t”的指针截断
D:\Yitek\FactPattern\Fact\tests\memories\TestMemory.c(35,45): warning C4311: “类型强制转换”: 从“void *”到“bool_t”的指针截断
D:\Yitek\FactPattern\Fact\tests\memories\TestMemory.c(38,47): warning C4311: “类型强制转换”: 从“TMemory *”到“bool_t”的指针截断
D:\Yitek\FactPattern\Fact\tests\memories\TestMemory.c(43,60): warning C4311: “类型强制转换”: 从“TMemory *”到“bool_t”的指针截断
  正在生成代码...
  Fact.vcxproj -> D:\Yitek\FactPattern\x64\Debug\Fact.exe
