d:\yitek\factpattern\vm\factvm\debug\vc142.pdb
d:\yitek\factpattern\vm\factvm\debug\vc142.idb
d:\yitek\factpattern\vm\factvm\debug\list.obj
d:\yitek\factpattern\vm\factvm\debug\mallocator.obj
d:\yitek\factpattern\vm\factvm\debug\main.obj
d:\yitek\factpattern\vm\factvm\debug\factvm.obj
d:\yitek\factpattern\vm\factvm\debug\memory.obj
d:\yitek\factpattern\debug\factvm.pdb
d:\yitek\factpattern\vm\factvm\debug\factvm.tlog\cl.command.1.tlog
d:\yitek\factpattern\vm\factvm\debug\factvm.tlog\cl.read.1.tlog
d:\yitek\factpattern\vm\factvm\debug\factvm.tlog\cl.write.1.tlog
d:\yitek\factpattern\vm\factvm\debug\factvm.tlog\link-cvtres.read.1.tlog
d:\yitek\factpattern\vm\factvm\debug\factvm.tlog\link-cvtres.write.1.tlog
d:\yitek\factpattern\vm\factvm\debug\factvm.tlog\link-rc.read.1.tlog
d:\yitek\factpattern\vm\factvm\debug\factvm.tlog\link-rc.write.1.tlog
d:\yitek\factpattern\vm\factvm\debug\factvm.tlog\link.19444-cvtres.read.1.tlog
d:\yitek\factpattern\vm\factvm\debug\factvm.tlog\link.19444-cvtres.write.1.tlog
d:\yitek\factpattern\vm\factvm\debug\factvm.tlog\link.19444-rc.read.1.tlog
d:\yitek\factpattern\vm\factvm\debug\factvm.tlog\link.19444-rc.write.1.tlog
d:\yitek\factpattern\vm\factvm\debug\factvm.tlog\link.19444.read.1.tlog
d:\yitek\factpattern\vm\factvm\debug\factvm.tlog\link.19444.write.1.tlog
d:\yitek\factpattern\vm\factvm\debug\factvm.tlog\link.command.1.tlog
d:\yitek\factpattern\vm\factvm\debug\factvm.tlog\link.read.1.tlog
d:\yitek\factpattern\vm\factvm\debug\factvm.tlog\link.write.1.tlog
